# JRE version: OpenJDK Runtime Environment (8.0_112-b06) (build 1.8.0_112-release-b06)
# Java VM: OpenJDK 64-Bit Server VM (25.112-b06 mixed mode windows-amd64 compressed oops)
Heap:
 PSYoungGen      total 343552K, used 70797K [0x00000000e0000000, 0x00000000f8200000, 0x0000000100000000)
  eden space 309248K, 11% used [0x00000000e0000000,0x00000000e23a9a50,0x00000000f2e00000)
  from space 34304K, 99% used [0x00000000f5500000,0x00000000f7679b88,0x00000000f7680000)
  to   space 39936K, 0% used [0x00000000f2e00000,0x00000000f2e00000,0x00000000f5500000)
 ParOldGen       total 130048K, used 65196K [0x00000000a0000000, 0x00000000a7f00000, 0x00000000e0000000)
  object space 130048K, 50% used [0x00000000a0000000,0x00000000a3fab0d0,0x00000000a7f00000)
 Metaspace       used 80928K, capacity 85532K, committed 86400K, reserved 1124352K
  class space    used 10246K, capacity 10917K, committed 11136K, reserved 1048576K
GC Heap History (10 events):
Event: 7420.044 GC heap before
{Heap before GC invocations=22 (full 3):
 PSYoungGen      total 237568K, used 237087K [0x00000000e0000000, 0x00000000f5480000, 0x0000000100000000)
  eden space 220672K, 100% used [0x00000000e0000000,0x00000000ed780000,0x00000000ed780000)
  from space 16896K, 97% used [0x00000000f4400000,0x00000000f5407cd0,0x00000000f5480000)
  to   space 28672K, 0% used [0x00000000f1c80000,0x00000000f1c80000,0x00000000f3880000)
 ParOldGen       total 102400K, used 82542K [0x00000000a0000000, 0x00000000a6400000, 0x00000000e0000000)
  object space 102400K, 80% used [0x00000000a0000000,0x00000000a509b920,0x00000000a6400000)
 Metaspace       used 80540K, capacity 85344K, committed 85632K, reserved 1124352K
  class space    used 10279K, capacity 11010K, committed 11136K, reserved 1048576K
Event: 7420.158 GC heap after
Heap after GC invocations=22 (full 3):
 PSYoungGen      total 228352K, used 16494K [0x00000000e0000000, 0x00000000f4480000, 0x0000000100000000)
  eden space 211456K, 0% used [0x00000000e0000000,0x00000000e0000000,0x00000000ece80000)
  from space 16896K, 97% used [0x00000000f1c80000,0x00000000f2c9bb68,0x00000000f2d00000)
  to   space 24064K, 0% used [0x00000000f2d00000,0x00000000f2d00000,0x00000000f4480000)
 ParOldGen       total 102400K, used 82550K [0x00000000a0000000, 0x00000000a6400000, 0x00000000e0000000)
  object space 102400K, 80% used [0x00000000a0000000,0x00000000a509d920,0x00000000a6400000)
 Metaspace       used 80540K, capacity 85344K, committed 85632K, reserved 1124352K
  class space    used 10279K, capacity 11010K, committed 11136K, reserved 1048576K
}
Event: 7425.902 GC heap before
{Heap before GC invocations=23 (full 3):
 PSYoungGen      total 228352K, used 227950K [0x00000000e0000000, 0x00000000f4480000, 0x0000000100000000)
  eden space 211456K, 100% used [0x00000000e0000000,0x00000000ece80000,0x00000000ece80000)
  from space 16896K, 97% used [0x00000000f1c80000,0x00000000f2c9bb68,0x00000000f2d00000)
  to   space 24064K, 0% used [0x00000000f2d00000,0x00000000f2d00000,0x00000000f4480000)
 ParOldGen       total 102400K, used 82550K [0x00000000a0000000, 0x00000000a6400000, 0x00000000e0000000)
  object space 102400K, 80% used [0x00000000a0000000,0x00000000a509d920,0x00000000a6400000)
 Metaspace       used 80884K, capacity 85712K, committed 85888K, reserved 1124352K
  class space    used 10283K, capacity 11018K, committed 11136K, reserved 1048576K
Event: 7426.229 GC heap after
Heap after GC invocations=23 (full 3):
 PSYoungGen      total 282112K, used 24052K [0x00000000e0000000, 0x00000000f4480000, 0x0000000100000000)
  eden space 258048K, 0% used [0x00000000e0000000,0x00000000e0000000,0x00000000efc00000)
  from space 24064K, 99% used [0x00000000f2d00000,0x00000000f447d320,0x00000000f4480000)
  to   space 35328K, 0% used [0x00000000eff80000,0x00000000eff80000,0x00000000f2200000)
 ParOldGen       total 102400K, used 94835K [0x00000000a0000000, 0x00000000a6400000, 0x00000000e0000000)
  object space 102400K, 92% used [0x00000000a0000000,0x00000000a5c9cc78,0x00000000a6400000)
 Metaspace       used 80884K, capacity 85712K, committed 85888K, reserved 1124352K
  class space    used 10283K, capacity 11018K, committed 11136K, reserved 1048576K
}
Event: 7426.229 GC heap before
{Heap before GC invocations=24 (full 4):
 PSYoungGen      total 282112K, used 24052K [0x00000000e0000000, 0x00000000f4480000, 0x0000000100000000)
  eden space 258048K, 0% used [0x00000000e0000000,0x00000000e0000000,0x00000000efc00000)
  from space 24064K, 99% used [0x00000000f2d00000,0x00000000f447d320,0x00000000f4480000)
  to   space 35328K, 0% used [0x00000000eff80000,0x00000000eff80000,0x00000000f2200000)
 ParOldGen       total 102400K, used 94835K [0x00000000a0000000, 0x00000000a6400000, 0x00000000e0000000)
  object space 102400K, 92% used [0x00000000a0000000,0x00000000a5c9cc78,0x00000000a6400000)
 Metaspace       used 80884K, capacity 85712K, committed 85888K, reserved 1124352K
  class space    used 10283K, capacity 11018K, committed 11136K, reserved 1048576K
Event: 7427.012 GC heap after
Heap after GC invocations=24 (full 4):
 PSYoungGen      total 282112K, used 0K [0x00000000e0000000, 0x00000000f4480000, 0x0000000100000000)
  eden space 258048K, 0% used [0x00000000e0000000,0x00000000e0000000,0x00000000efc00000)
  from space 24064K, 0% used [0x00000000f2d00000,0x00000000f2d00000,0x00000000f4480000)
  to   space 35328K, 0% used [0x00000000eff80000,0x00000000eff80000,0x00000000f2200000)
 ParOldGen       total 130048K, used 63104K [0x00000000a0000000, 0x00000000a7f00000, 0x00000000e0000000)
  object space 130048K, 48% used [0x00000000a0000000,0x00000000a3da01e0,0x00000000a7f00000)
 Metaspace       used 78919K, capacity 82526K, committed 85888K, reserved 1124352K
  class space    used 9879K, capacity 10373K, committed 11136K, reserved 1048576K
}
Event: 9229.152 GC heap before
{Heap before GC invocations=25 (full 4):
 PSYoungGen      total 282112K, used 258048K [0x00000000e0000000, 0x00000000f4480000, 0x0000000100000000)
  eden space 258048K, 100% used [0x00000000e0000000,0x00000000efc00000,0x00000000efc00000)
  from space 24064K, 0% used [0x00000000f2d00000,0x00000000f2d00000,0x00000000f4480000)
  to   space 35328K, 0% used [0x00000000eff80000,0x00000000eff80000,0x00000000f2200000)
 ParOldGen       total 130048K, used 63104K [0x00000000a0000000, 0x00000000a7f00000, 0x00000000e0000000)
  object space 130048K, 48% used [0x00000000a0000000,0x00000000a3da01e0,0x00000000a7f00000)
 Metaspace       used 79543K, capacity 83520K, committed 85888K, reserved 1124352K
  class space    used 9968K, capacity 10520K, committed 11136K, reserved 1048576K
Event: 9229.318 GC heap after
Heap after GC invocations=25 (full 4):
 PSYoungGen      total 296960K, used 18294K [0x00000000e0000000, 0x00000000f7680000, 0x0000000100000000)
  eden space 261632K, 0% used [0x00000000e0000000,0x00000000e0000000,0x00000000eff80000)
  from space 35328K, 51% used [0x00000000eff80000,0x00000000f115dad0,0x00000000f2200000)
  to   space 34304K, 0% used [0x00000000f5500000,0x00000000f5500000,0x00000000f7680000)
 ParOldGen       total 130048K, used 63112K [0x00000000a0000000, 0x00000000a7f00000, 0x00000000e0000000)
  object space 130048K, 48% used [0x00000000a0000000,0x00000000a3da21e0,0x00000000a7f00000)
 Metaspace       used 79543K, capacity 83520K, committed 85888K, reserved 1124352K
  class space    used 9968K, capacity 10520K, committed 11136K, reserved 1048576K
}
Event: 9246.327 GC heap before
{Heap before GC invocations=26 (full 4):
 PSYoungGen      total 296960K, used 279189K [0x00000000e0000000, 0x00000000f7680000, 0x0000000100000000)
  eden space 261632K, 99% used [0x00000000e0000000,0x00000000efec79d0,0x00000000eff80000)
  from space 35328K, 51% used [0x00000000eff80000,0x00000000f115dad0,0x00000000f2200000)
  to   space 34304K, 0% used [0x00000000f5500000,0x00000000f5500000,0x00000000f7680000)
 ParOldGen       total 130048K, used 63112K [0x00000000a0000000, 0x00000000a7f00000, 0x00000000e0000000)
  object space 130048K, 48% used [0x00000000a0000000,0x00000000a3da21e0,0x00000000a7f00000)
 Metaspace       used 80895K, capacity 85532K, committed 86400K, reserved 1124352K
  class space    used 10245K, capacity 10917K, committed 11136K, reserved 1048576K
Event: 9246.435 GC heap after
Heap after GC invocations=26 (full 4):
 PSYoungGen      total 343552K, used 34278K [0x00000000e0000000, 0x00000000f8200000, 0x0000000100000000)
  eden space 309248K, 0% used [0x00000000e0000000,0x00000000e0000000,0x00000000f2e00000)
  from space 34304K, 99% used [0x00000000f5500000,0x00000000f7679b88,0x00000000f7680000)
  to   space 39936K, 0% used [0x00000000f2e00000,0x00000000f2e00000,0x00000000f5500000)
 ParOldGen       total 130048K, used 65196K [0x00000000a0000000, 0x00000000a7f00000, 0x00000000e0000000)
  object space 130048K, 50% used [0x00000000a0000000,0x00000000a3fab0d0,0x00000000a7f00000)
 Metaspace       used 80895K, capacity 85532K, committed 86400K, reserved 1124352K
  class space    used 10245K, capacity 10917K, committed 11136K, reserved 1048576K
}

